\BOOKMARK [0][-]{chapter*.1}{\376\377\000A\000c\000k\000n\000o\000w\000l\000e\000d\000g\000m\000e\000n\000t\000s}{}% 1
\BOOKMARK [0][-]{chapter*.2}{\376\377\000A\000b\000s\000t\000r\000a\000c\000t}{}% 2
\BOOKMARK [0][-]{toc.0}{\376\377\000C\000o\000n\000t\000e\000n\000t\000s}{}% 3
\BOOKMARK [0][-]{chapter.1}{\376\377\000I\000n\000t\000r\000o\000d\000u\000c\000t\000i\000o\000n}{}% 4
\BOOKMARK [0][-]{chapter.2}{\376\377\000B\000a\000c\000k\000g\000r\000o\000u\000n\000d}{}% 5
\BOOKMARK [0][-]{chapter.3}{\376\377\000L\000i\000b\000r\000a\000r\000y\000\040\000I\000d\000e\000n\000t\000i\000f\000i\000c\000a\000t\000i\000o\000n}{}% 6
\BOOKMARK [1][-]{section.3.1}{\376\377\000D\000o\000w\000n\000l\000o\000a\000d\000i\000n\000g\000\040\000b\000i\000n\000a\000r\000i\000e\000s}{chapter.3}% 7
\BOOKMARK [1][-]{section.3.2}{\376\377\000D\000i\000s\000a\000s\000s\000e\000m\000b\000l\000i\000n\000g}{chapter.3}% 8
\BOOKMARK [1][-]{section.3.3}{\376\377\000F\000i\000n\000d\000i\000n\000g\000\040\000D\000e\000p\000e\000n\000d\000e\000n\000c\000i\000e\000s}{chapter.3}% 9
\BOOKMARK [0][-]{chapter.4}{\376\377\000T\000r\000i\000g\000g\000e\000r\000i\000n\000g\000\040\000i\000n\000t\000e\000r\000a\000c\000t\000i\000o\000n\000s\000\040\000w\000i\000t\000h\000\040\000t\000h\000e\000\040\000T\000A\000:\000\040\000D\000r\000i\000v\000e\000r\000s}{}% 10
\BOOKMARK [1][-]{section.4.1}{\376\377\000M\000a\000n\000u\000a\000l\000\040\000I\000n\000t\000e\000r\000a\000c\000t\000i\000o\000n}{chapter.4}% 11
\BOOKMARK [1][-]{section.4.2}{\376\377\000I\000n\000t\000e\000r\000a\000c\000t\000i\000o\000n\000s\000\040\000u\000s\000i\000n\000g\000\040\000J\000a\000v\000a\000\040\000R\000e\000f\000l\000e\000c\000t\000i\000o\000n}{chapter.4}% 12
\BOOKMARK [1][-]{section.4.3}{\376\377\000I\000n\000t\000e\000r\000a\000c\000t\000i\000o\000n\000\040\000w\000i\000t\000h\000\040\000c\000u\000s\000t\000o\000m\000\040\000C\000/\000C\000+\000+\000\040\000d\000r\000i\000v\000e\000r\000s}{chapter.4}% 13
\BOOKMARK [0][-]{chapter.5}{\376\377\000S\000e\000e\000d\000\040\000R\000e\000c\000o\000r\000d\000i\000n\000g}{}% 14
\BOOKMARK [1][-]{section.5.1}{\376\377\000I\000n\000t\000e\000r\000c\000e\000p\000t\000o\000r}{chapter.5}% 15
\BOOKMARK [1][-]{section.5.2}{\376\377\000G\000e\000n\000d\000u\000m\000p\000e\000r}{chapter.5}% 16
\BOOKMARK [1][-]{section.5.3}{\376\377\000F\000r\000i\000d\000a\000D\000u\000m\000p\000e\000r}{chapter.5}% 17
\BOOKMARK [1][-]{section.5.4}{\376\377\000H\000a\000l\000D\000u\000m\000p\000e\000r}{chapter.5}% 18
\BOOKMARK [1][-]{section.5.5}{\376\377\000D\000u\000a\000l\000\040\000R\000e\000c\000o\000r\000d\000e\000r}{chapter.5}% 19
\BOOKMARK [0][-]{chapter.6}{\376\377\000C\000h\000a\000l\000l\000e\000n\000g\000e\000s}{}% 20
\BOOKMARK [1][-]{section.6.1}{\376\377\000O\000n\000\040\000w\000r\000i\000t\000i\000n\000g\000\040\000h\000a\000n\000d\000l\000e\000s\000\040\000f\000o\000r\000\040\000C\000+\000+\000\040\000l\000i\000b\000r\000a\000r\000i\000e\000s}{chapter.6}% 21
\BOOKMARK [1][-]{section.6.2}{\376\377\000U\000n\000d\000e\000r\000s\000t\000a\000n\000d\000i\000n\000g\000\040\000A\000n\000d\000r\000o\000i\000d\000\040\000S\000t\000u\000b\000\040\000a\000n\000d\000\040\000H\000I\000D\000L\000\040\000J\000a\000v\000a}{chapter.6}% 22
\BOOKMARK [1][-]{section.6.3}{\376\377\000A\000u\000t\000o\000m\000a\000t\000i\000c\000\040\000c\000o\000d\000e\000\040\000d\000o\000w\000n\000l\000o\000a\000d\000\040\000f\000r\000o\000m\000\040\000G\000o\000o\000g\000l\000e\000\040\000C\000o\000d\000e\000\040\000S\000o\000u\000r\000c\000e\000\040\000a\000n\000d\000\040\000H\000I\000D\000L\000\040\000G\000e\000n\000e\000r\000a\000t\000i\000o\000n}{chapter.6}% 23
\BOOKMARK [0][-]{chapter.7}{\376\377\000C\000o\000n\000c\000l\000u\000s\000i\000o\000n}{}% 24
\BOOKMARK [0][-]{section*.9}{\376\377\000B\000i\000b\000l\000i\000o\000g\000r\000a\000p\000h\000y}{}% 25
